E, [2018-09-17T13:51:35.462873 #33761] ERROR -- Kitchen: ------Exception-------
E, [2018-09-17T13:51:35.463012 #33761] ERROR -- Kitchen: Class: Kitchen::UserError
E, [2018-09-17T13:51:35.463041 #33761] ERROR -- Kitchen: Message: Kitchen YAML file /Users/achuchulev/Downloads/packer-vbox-centos7_mysql/.kitchen.yml does not exist.
E, [2018-09-17T13:51:35.463061 #33761] ERROR -- Kitchen: ----------------------
E, [2018-09-17T13:51:35.463079 #33761] ERROR -- Kitchen: ------Backtrace-------
E, [2018-09-17T13:51:35.463096 #33761] ERROR -- Kitchen: /opt/chefdk/embedded/lib/ruby/gems/2.4.0/gems/test-kitchen-1.20.0/lib/kitchen/loader/yaml.rb:65:in `read'
E, [2018-09-17T13:51:35.463115 #33761] ERROR -- Kitchen: /opt/chefdk/embedded/lib/ruby/gems/2.4.0/gems/test-kitchen-1.20.0/lib/kitchen/config.rb:152:in `data'
E, [2018-09-17T13:51:35.463132 #33761] ERROR -- Kitchen: /opt/chefdk/embedded/lib/ruby/gems/2.4.0/gems/test-kitchen-1.20.0/lib/kitchen/config.rb:131:in `suites'
E, [2018-09-17T13:51:35.463150 #33761] ERROR -- Kitchen: /opt/chefdk/embedded/lib/ruby/gems/2.4.0/gems/test-kitchen-1.20.0/lib/kitchen/config.rb:182:in `filter_instances'
E, [2018-09-17T13:51:35.463167 #33761] ERROR -- Kitchen: /opt/chefdk/embedded/lib/ruby/gems/2.4.0/gems/test-kitchen-1.20.0/lib/kitchen/config.rb:141:in `build_instances'
E, [2018-09-17T13:51:35.463184 #33761] ERROR -- Kitchen: /opt/chefdk/embedded/lib/ruby/gems/2.4.0/gems/test-kitchen-1.20.0/lib/kitchen/config.rb:117:in `instances'
E, [2018-09-17T13:51:35.463201 #33761] ERROR -- Kitchen: /opt/chefdk/embedded/lib/ruby/gems/2.4.0/gems/test-kitchen-1.20.0/lib/kitchen/command.rb:112:in `filtered_instances'
E, [2018-09-17T13:51:35.463235 #33761] ERROR -- Kitchen: /opt/chefdk/embedded/lib/ruby/gems/2.4.0/gems/test-kitchen-1.20.0/lib/kitchen/command.rb:142:in `parse_subcommand'
E, [2018-09-17T13:51:35.463252 #33761] ERROR -- Kitchen: /opt/chefdk/embedded/lib/ruby/gems/2.4.0/gems/test-kitchen-1.20.0/lib/kitchen/command/list.rb:30:in `call'
E, [2018-09-17T13:51:35.463270 #33761] ERROR -- Kitchen: /opt/chefdk/embedded/lib/ruby/gems/2.4.0/gems/test-kitchen-1.20.0/lib/kitchen/cli.rb:52:in `perform'
E, [2018-09-17T13:51:35.463287 #33761] ERROR -- Kitchen: /opt/chefdk/embedded/lib/ruby/gems/2.4.0/gems/test-kitchen-1.20.0/lib/kitchen/cli.rb:120:in `list'
E, [2018-09-17T13:51:35.463304 #33761] ERROR -- Kitchen: /opt/chefdk/embedded/lib/ruby/gems/2.4.0/gems/thor-0.19.1/lib/thor/command.rb:27:in `run'
E, [2018-09-17T13:51:35.463321 #33761] ERROR -- Kitchen: /opt/chefdk/embedded/lib/ruby/gems/2.4.0/gems/thor-0.19.1/lib/thor/invocation.rb:126:in `invoke_command'
E, [2018-09-17T13:51:35.463338 #33761] ERROR -- Kitchen: /opt/chefdk/embedded/lib/ruby/gems/2.4.0/gems/thor-0.19.1/lib/thor.rb:359:in `dispatch'
E, [2018-09-17T13:51:35.463355 #33761] ERROR -- Kitchen: /opt/chefdk/embedded/lib/ruby/gems/2.4.0/gems/thor-0.19.1/lib/thor/base.rb:440:in `start'
E, [2018-09-17T13:51:35.463372 #33761] ERROR -- Kitchen: /opt/chefdk/embedded/lib/ruby/gems/2.4.0/gems/test-kitchen-1.20.0/bin/kitchen:13:in `block in <top (required)>'
E, [2018-09-17T13:51:35.463389 #33761] ERROR -- Kitchen: /opt/chefdk/embedded/lib/ruby/gems/2.4.0/gems/test-kitchen-1.20.0/lib/kitchen/errors.rb:171:in `with_friendly_errors'
E, [2018-09-17T13:51:35.463406 #33761] ERROR -- Kitchen: /opt/chefdk/embedded/lib/ruby/gems/2.4.0/gems/test-kitchen-1.20.0/bin/kitchen:13:in `<top (required)>'
E, [2018-09-17T13:51:35.463423 #33761] ERROR -- Kitchen: /usr/local/bin/kitchen:250:in `load'
E, [2018-09-17T13:51:35.463440 #33761] ERROR -- Kitchen: /usr/local/bin/kitchen:250:in `<main>'
E, [2018-09-17T13:51:35.463456 #33761] ERROR -- Kitchen: ----End Backtrace-----
